This is pdfTeX, Version 3.141592653-2.6-1.40.22 (TeX Live 2022/dev/Debian) (preloaded format=pdflatex 2024.9.18)  19 SEP 2024 19:51
entering extended mode
 restricted \write18 enabled.
 %&-line parsing enabled.
**hello.txt
(./hello.txt
LaTeX2e <2021-11-15> patch level 1
L3 programming layer <2022-01-21>

! LaTeX Error: Missing \begin{document}.

See the LaTeX manual or LaTeX Companion for explanation.
Type  H <return>  for immediate help.
 ...                                              
                                                  
l.1 $
     \sqrt{\sqrt{\sqrt{x^3}}}$
You're in trouble here.  Try typing  <return>  to proceed.
If that doesn't work, type  X <return>  to quit.

LaTeX Font Info:    External font `cmex10' loaded for size
(Font)              <7> on input line 1.
LaTeX Font Info:    External font `cmex10' loaded for size
(Font)              <5> on input line 1.
)
! Emergency stop.
<*> hello.txt
             
*** (job aborted, no legal \end found)

 
Here is how much of TeX's memory you used:
 18 strings out of 478287
 418 string characters out of 5849289
 289007 words of memory out of 5000000
 18315 multiletter control sequences out of 15000+600000
 469259 words of font info for 28 fonts, out of 8000000 for 9000
 1141 hyphenation exceptions out of 8191
 18i,4n,12p,68b,56s stack positions out of 5000i,500n,10000p,200000b,80000s
!  ==> Fatal error occurred, no output PDF file produced!
